[2025-06-17 14:03:34] Controllo presenza dei comandi 'mysql' e 'mysqldump'...
[2025-06-17 14:03:34] - [SUCCESS] Il path globale per mysql e mysqldump è presente
[2025-06-17 14:03:34] Tento connessione al DB come 'root'...
[2025-06-17 14:03:34] - [SUCCESS] Connessione riuscita.
[2025-06-17 14:03:34] Il dump è già stato creato da questa macchina. Nessuna importazione necessaria.
[2025-06-17 14:03:34] Creo dump del database...
[2025-06-17 14:03:35] - [SUCCESS] Dump creato correttamente.
[2025-06-17 14:03:35] - [SUCCESS] Script completato.
[2025-06-17 14:03:37] Controllo presenza dei comandi 'mysql' e 'mysqldump'...
[2025-06-17 14:03:37] - [SUCCESS] Il path globale per mysql e mysqldump è presente
[2025-06-17 14:03:37] Tento connessione al DB come 'root'...
[2025-06-17 14:03:37] - [SUCCESS] Connessione riuscita.
[2025-06-17 14:03:37] Il dump è già stato creato da questa macchina. Nessuna importazione necessaria.
[2025-06-17 14:03:37] Creo dump del database...
[2025-06-17 14:03:37] - [SUCCESS] Dump creato correttamente.
[2025-06-17 14:03:37] - [SUCCESS] Script completato.
[2025-06-17 15:23:00] Controllo presenza dei comandi 'mysql' e 'mysqldump'...
[2025-06-17 15:23:01] - [SUCCESS] Il path globale per mysql e mysqldump è presente
[2025-06-17 15:23:01] Tento connessione al DB come 'root'...
[2025-06-17 15:23:01] - [FAIL] Connessione fallita, controlla username/password e server MySQL.
[2025-06-17 15:23:15] Controllo presenza dei comandi 'mysql' e 'mysqldump'...
[2025-06-17 15:23:15] - [SUCCESS] Il path globale per mysql e mysqldump è presente
[2025-06-17 15:23:15] Tento connessione al DB come 'root'...
[2025-06-17 15:23:15] - [FAIL] Connessione fallita, controlla username/password e server MySQL.
